\BOOKMARK [-1][-]{part.1}{\376\377\000C\000o\000m\000p\000u\000t\000e\000r\000\040\000S\000c\000i\000e\000n\000c\000e}{}% 1
\BOOKMARK [0][-]{chapter.1}{\376\377\000D\000i\000s\000c\000i\000p\000l\000i\000n\000e\000\040\000o\000f\000\040\000C\000o\000m\000p\000e\000t\000i\000t\000i\000v\000e\000\040\000P\000r\000o\000g\000r\000a\000m\000m\000i\000n\000g\000\040\000:\000\040\000A\000\040\000H\000a\000c\000k\000e\000r\040\031\000s\000\040\000P\000e\000r\000s\000p\000e\000c\000t\000i\000v\000e}{part.1}% 2
\BOOKMARK [0][-]{chapter.2}{\376\377\000E\000l\000e\000m\000e\000n\000t\000s\000\040\000o\000f\000\040\000C\000o\000d\000i\000n\000g\000\040\000:\000\040\000S\000c\000i\000e\000n\000c\000e\000\040\000o\000f\000\040\000D\000e\000r\000i\000v\000i\000n\000g\000\040\000C\000o\000r\000r\000e\000c\000t\000\040\000P\000r\000o\000g\000r\000a\000m\000s}{part.1}% 3
\BOOKMARK [0][-]{chapter.3}{\376\377\000E\000l\000e\000m\000e\000n\000t\000s\000\040\000o\000f\000\040\000C\000o\000d\000i\000n\000g\000\040\000L\000i\000n\000e\000a\000r\000\040\000A\000l\000g\000e\000b\000r\000a\000\040\000:\000\040\000T\000h\000e\000\040\000N\000u\000c\000l\000e\000u\000s\000\040\000o\000f\000\040\000A\000r\000t\000i\000f\000i\000c\000i\000a\000l\000\040\000I\000n\000t\000e\000l\000l\000i\000g\000e\000n\000c\000e}{part.1}% 4
\BOOKMARK [0][-]{chapter.4}{\376\377\000E\000l\000e\000m\000e\000n\000t\000s\000\040\000o\000f\000\040\000S\000o\000f\000t\000w\000a\000r\000e\000\040\000D\000e\000s\000i\000g\000n\000\040\000P\000a\000t\000t\000e\000r\000n\000s}{part.1}% 5
\BOOKMARK [0][-]{chapter.5}{\376\377\000E\000l\000e\000m\000e\000n\000t\000s\000\040\000o\000f\000\040\000C\000o\000d\000i\000n\000g\000\040\000A\000I}{part.1}% 6
\BOOKMARK [0][-]{chapter.6}{\376\377\000E\000l\000e\000m\000e\000n\000t\000s\000\040\000o\000f\000\040\000C\000o\000d\000i\000n\000g\000\040\000D\000L\000\040\000\050\000D\000e\000e\000p\000\040\000L\000e\000a\000r\000n\000i\000n\000g\000\051}{part.1}% 7
\BOOKMARK [0][-]{chapter.7}{\376\377\000E\000l\000e\000m\000e\000n\000t\000s\000\040\000o\000f\000\040\000C\000o\000d\000i\000n\000g\000\040\000M\000L\000\040\000:\000\040\000I\000n\000t\000e\000r\000n\000a\000l\000s\000\040\000o\000f\000\040\000M\000a\000c\000h\000i\000n\000e\000\040\000L\000e\000a\000r\000n\000i\000n\000g\000\040\000L\000i\000b\000r\000a\000r\000y\000\040\000M\000L\000P\000a\000c\000k}{part.1}% 8
\BOOKMARK [0][-]{chapter.8}{\376\377\000C\000o\000n\000c\000e\000p\000t\000u\000a\000l\000\040\000B\000i\000t\000C\000o\000i\000n\000\040\000:\000\040\000B\000l\000o\000c\000k\000c\000h\000a\000i\000n\000\040\000C\000o\000d\000i\000n\000g}{part.1}% 9
\BOOKMARK [0][-]{chapter.9}{\376\377\000C\000o\000n\000c\000e\000p\000t\000u\000a\000l\000\040\000D\000a\000t\000a\000\040\000S\000c\000i\000e\000n\000c\000e\000\040\000I\000n\000t\000e\000r\000v\000i\000e\000w\000s}{part.1}% 10
\BOOKMARK [0][-]{chapter.10}{\376\377\000C\000o\000n\000c\000e\000p\000t\000u\000a\000l\000\040\000D\000e\000p\000e\000n\000d\000e\000n\000c\000y\000\040\000I\000n\000j\000e\000c\000t\000i\000o\000n\000\040\000:\000\040\000U\000n\000w\000i\000r\000i\000n\000g\000\040\000S\000i\000m\000p\000l\000i\000f\000i\000e\000d\000\040\000i\000n\000\040\000C\000+\000+}{part.1}% 11
\BOOKMARK [0][-]{chapter.11}{\376\377\000C\000o\000n\000c\000e\000p\000t\000u\000a\000l\000\040\000D\000y\000n\000a\000m\000i\000c\000\040\000P\000r\000o\000g\000r\000a\000m\000m\000i\000n\000g\000\040\000:\000\040\000O\000p\000t\000i\000m\000a\000l\000\040\000C\000o\000d\000i\000n\000g\000\040\000S\000i\000m\000p\000l\000i\000f\000i\000e\000d}{part.1}% 12
\BOOKMARK [0][-]{chapter.12}{\376\377\000C\000o\000n\000c\000e\000p\000t\000u\000a\000l\000\040\000P\000r\000o\000g\000r\000a\000m\000m\000i\000n\000g\000\040\000I\000n\000t\000e\000r\000v\000i\000e\000w\000s}{part.1}% 13
\BOOKMARK [0][-]{chapter.13}{\376\377\000C\000o\000n\000c\000e\000p\000t\000u\000a\000l\000\040\000M\000a\000c\000h\000i\000n\000e\000\040\000L\000e\000a\000r\000n\000i\000n\000g}{part.1}% 14
\BOOKMARK [0][-]{chapter.14}{\376\377\000C\000o\000n\000c\000e\000p\000t\000u\000a\000l\000\040\000P\000r\000o\000g\000r\000a\000m\000m\000i\000n\000g\000\040\000o\000f\000\040\000S\000T\000L\000\040\000A\000l\000g\000o\000r\000i\000t\000h\000m\000s}{part.1}% 15
\BOOKMARK [0][-]{chapter.15}{\376\377\000C\000o\000n\000c\000e\000p\000t\000u\000a\000l\000\040\000S\000o\000l\000u\000t\000i\000o\000n\000s\000\040\000t\000o\000\040\000\050\000C\000L\000R\000S\000\051\000\040\000I\000n\000t\000r\000o\000d\000u\000c\000t\000i\000o\000n\000\040\000t\000o\000\040\000A\000l\000g\000o\000r\000i\000t\000h\000m\000s}{part.1}% 16
\BOOKMARK [0][-]{chapter.16}{\376\377\000C\000o\000n\000c\000e\000p\000t\000u\000a\000l\000\040\000P\000r\000o\000g\000r\000a\000m\000m\000i\000n\000g\000\040\000o\000f\000\040\000A\000l\000g\000o\000r\000i\000t\000h\000m\000s\000\040\000U\000s\000i\000n\000g\000\040\000D\000i\000j\000k\000s\000t\000r\000a\040\031\000s\000\040\000A\000p\000p\000r\000o\000a\000c\000h}{part.1}% 17
\BOOKMARK [0][-]{chapter.17}{\376\377\000C\000o\000n\000c\000e\000p\000t\000u\000a\000l\000\040\000S\000o\000l\000u\000t\000i\000o\000n\000s\000\040\000t\000o\000\040\000P\000a\000t\000t\000e\000r\000n\000\040\000R\000e\000c\000o\000g\000n\000i\000t\000i\000o\000n\000\040\000a\000n\000d\000\040\000M\000a\000c\000h\000i\000n\000e\000\040\000L\000e\000a\000r\000n\000i\000n\000g}{part.1}% 18
\BOOKMARK [0][-]{chapter.18}{\376\377\000S\000c\000i\000e\000n\000c\000e\000\040\000o\000f\000\040\000D\000e\000r\000i\000v\000i\000n\000g\000\040\000B\000e\000a\000u\000t\000i\000f\000u\000l\000\040\000P\000r\000o\000g\000r\000a\000m\000s}{part.1}% 19
\BOOKMARK [0][-]{chapter.19}{\376\377\000M\000o\000d\000e\000r\000n\000\040\000C\000+\000+\000\040\000R\000a\000n\000g\000e\000s\000\040\000:\000\040\000A\000\040\000R\000e\000v\000o\000l\000u\000t\000i\000o\000n\000\040\000i\000n\000\040\000S\000T\000L}{part.1}% 20
\BOOKMARK [0][-]{chapter.20}{\376\377\000E\000l\000e\000m\000e\000n\000t\000s\000\040\000o\000f\000\040\000C\000+\000+\0002\0000}{part.1}% 21
\BOOKMARK [0][-]{chapter.21}{\376\377\000S\000o\000l\000v\000i\000n\000g\000\040\000P\000r\000o\000b\000l\000e\000m\000s\000\040\000u\000s\000i\000n\000g\000\040\000D\000y\000n\000a\000m\000i\000c\000\040\000P\000r\000o\000g\000r\000a\000m\000m\000i\000n\000g\000\040\000:\000\040\000A\000\040\000H\000a\000c\000k\000e\000r\040\031\000s\000\040\000P\000e\000r\000s\000p\000e\000c\000t\000i\000v\000e}{part.1}% 22
\BOOKMARK [0][-]{chapter.22}{\376\377\000H\000a\000c\000k\000i\000n\000g\000\040\000T\000e\000n\000s\000o\000r\000F\000l\000o\000w\000\040\000I\000n\000t\000e\000r\000n\000a\000l\000s\000\040\000:\000\040\000A\000n\000\040\000I\000n\000s\000i\000d\000e\000r\040\031\000s\000\040\000C\000o\000m\000m\000e\000n\000t\000a\000r\000y\000\040\000o\000n\000\040\000A\000\040\000L\000e\000a\000r\000n\000i\000n\000g\000\040\000S\000y\000s\000t\000e\000m}{part.1}% 23
\BOOKMARK [0][-]{chapter.23}{\376\377\000A\000d\000v\000a\000n\000c\000e\000d\000\040\000C\000+\000+\000\040\000F\000A\000Q\000s\000\040\000V\000o\000l\000\040\0001\000\040\000\046\000\040\0002}{part.1}% 24
\BOOKMARK [0][-]{chapter.24}{\376\377\000C\000+\000+\0001\0004\000\040\000F\000A\000Q\000s}{part.1}% 25
\BOOKMARK [0][-]{chapter.25}{\376\377\000T\000h\000e\000\040\000B\000o\000o\000s\000t\000\040\000C\000+\000+\000\040\000L\000i\000b\000r\000a\000r\000i\000e\000s\000:\000\040\000G\000e\000n\000e\000r\000i\000c\000\040\000P\000r\000o\000g\000r\000a\000m\000m\000i\000n\000g}{part.1}% 26
\BOOKMARK [0][-]{chapter.26}{\376\377\000G\000e\000n\000e\000r\000i\000c\000\040\000A\000l\000g\000o\000r\000i\000t\000h\000m\000s\000\040\000a\000n\000d\000\040\000D\000a\000t\000a\000\040\000S\000t\000r\000u\000c\000t\000u\000r\000e\000s\000\040\000u\000s\000i\000n\000g\000\040\000C\000+\000+\0001\0001}{part.1}% 27
\BOOKMARK [0][-]{chapter.27}{\376\377\000C\000+\000+\0001\0001\000\040\000S\000t\000a\000n\000d\000a\000r\000d\000\040\000L\000i\000b\000r\000a\000r\000y\000:\000\040\000U\000s\000a\000g\000e\000\040\000a\000n\000d\000\040\000I\000m\000p\000l\000e\000m\000e\000n\000t\000a\000t\000i\000o\000n}{part.1}% 28
\BOOKMARK [0][-]{chapter.28}{\376\377\000F\000o\000u\000n\000d\000a\000t\000i\000o\000n\000\040\000o\000f\000\040\000A\000l\000g\000o\000r\000i\000t\000h\000m\000s\000\040\000i\000n\000\040\000C\000+\000+\0001\0001}{part.1}% 29
\BOOKMARK [0][-]{chapter.29}{\376\377\000C\000+\000+\0001\0001\000\040\000A\000l\000g\000o\000r\000i\000t\000h\000m\000s\000\040\000:\000\040\000U\000s\000i\000n\000g\000\040\000a\000n\000d\000\040\000E\000x\000t\000e\000n\000d\000i\000n\000g\000\040\000C\000+\000+\0001\0001\000,\000\040\000B\000o\000o\000s\000t\000\040\000a\000n\000d\000\040\000B\000e\000y\000o\000n\000d}{part.1}% 30
\BOOKMARK [0][-]{chapter.30}{\376\377\000C\000r\000a\000c\000k\000i\000n\000g\000\040\000P\000r\000o\000g\000r\000a\000m\000m\000i\000n\000g\000\040\000I\000n\000t\000e\000r\000v\000i\000e\000w\000s\000\040\000:\000\040\0005\0000\0000\000\040\000Q\000u\000e\000s\000t\000i\000o\000n\000s\000\040\000w\000i\000t\000h\000\040\000S\000o\000l\000u\000t\000i\000o\000n\000s}{part.1}% 31
\BOOKMARK [0][-]{chapter.31}{\376\377\000T\000o\000p\000\040\0002\0000\000\040\000C\000o\000d\000i\000n\000g\000\040\000I\000n\000t\000e\000r\000v\000i\000e\000w\000\040\000P\000r\000o\000b\000l\000e\000m\000s\000\040\000A\000s\000k\000e\000d\000\040\000i\000n\000\040\000G\000o\000o\000g\000l\000e\000\040\000w\000i\000t\000h\000\040\000S\000o\000l\000u\000t\000i\000o\000n\000s}{part.1}% 32
\BOOKMARK [0][-]{chapter.32}{\376\377\000T\000o\000p\000\040\0001\0000\000\040\000C\000o\000d\000i\000n\000g\000\040\000I\000n\000t\000e\000r\000v\000i\000e\000w\000\040\000P\000r\000o\000b\000l\000e\000m\000s\000\040\000A\000s\000k\000e\000d\000\040\000i\000n\000\040\000G\000o\000o\000g\000l\000e\000\040\000w\000i\000t\000h\000\040\000S\000o\000l\000u\000t\000i\000o\000n\000s}{part.1}% 33
\BOOKMARK [-1][-]{part.2}{\376\377\000P\000h\000y\000s\000i\000c\000s}{}% 34
\BOOKMARK [-1][-]{part.3}{\376\377\000M\000a\000t\000h\000e\000m\000a\000t\000i\000c\000s}{}% 35
